2017-09-23-main-INFO -com.cg.mobilesystem.util.DbUtil:Connection Establsihed ...
2017-09-23-main-INFO -com.cg.mobilesystem.util.DbUtil:Connection Establsihed ...
2017-09-23-main-INFO -com.cg.mobilesystem.util.DbUtil:Connection Establsihed ...
2017-09-23-main-INFO -com.cg.mobilesystem.util.DbUtil:Connection Establsihed ...
2017-09-23-main-INFO -com.cg.mobilesystem.util.DbUtil:Connection Establsihed ...
2017-09-23-main-INFO -com.cg.mobilesystem.util.DbUtil:Connection Establsihed ...
2017-09-23-main-INFO -com.cg.mobilesystem.util.DbUtil:Connection Establsihed ...
2017-09-23-main-INFO -com.cg.mobilesystem.util.DbUtil:Connection Establsihed ...
2017-09-23-main-INFO -com.cg.mobilesystem.util.DbUtil:Connection Establsihed ...
2017-09-23-main-INFO -com.cg.mobilesystem.util.DbUtil:Connection Establsihed ...
2017-09-23-main-INFO -com.cg.mobilesystem.util.DbUtil:Connection Establsihed ...
2017-09-23-main-INFO -com.cg.mobilesystem.util.DbUtil:Connection Establsihed ...
2017-09-23-main-INFO -com.cg.mobilesystem.util.DbUtil:Connection Establsihed ...
2017-09-23-main-INFO -com.cg.mobilesystem.util.DbUtil:Connection Establsihed ...
2017-09-23-main-INFO -com.cg.mobilesystem.util.DbUtil:Connection Establsihed ...
2017-09-23-main-INFO -com.cg.mobilesystem.util.DbUtil:Connection Establsihed ...
2017-09-23-main-INFO -com.cg.mobilesystem.util.DbUtil:Connection Establsihed ...
2017-09-23-main-INFO -com.cg.mobilesystem.util.DbUtil:Connection Establsihed ...
2017-09-23-main-INFO -com.cg.mobilesystem.util.DbUtil:Connection Establsihed ...
2017-09-23-main-INFO -com.cg.mobilesystem.util.DbUtil:Connection Establsihed ...
2017-09-23-main-INFO -com.cg.mobilesystem.util.DbUtil:Connection Establsihed ...
2017-09-23-main-INFO -com.cg.mobilesystem.util.DbUtil:Connection Establsihed ...
2017-09-23-main-INFO -com.cg.mobilesystem.util.DbUtil:Connection Establsihed ...
2017-09-23-main-INFO -com.cg.mobilesystem.util.DbUtil:Connection Establsihed ...
2017-09-23-main-INFO -com.cg.mobilesystem.util.DbUtil:Connection Establsihed ...
2017-09-23-main-INFO -com.cg.mobilesystem.util.DbUtil:Connection Establsihed ...
2017-09-23-main-INFO -com.cg.mobilesystem.util.DbUtil:Connection Establsihed ...
2017-09-23-main-INFO -com.cg.mobilesystem.util.DbUtil:Connection Establsihed ...
2017-09-23-main-INFO -com.cg.mobilesystem.util.DbUtil:Connection Establsihed ...
2017-09-23-main-INFO -com.cg.mobilesystem.util.DbUtil:Connection Establsihed ...
2017-09-23-main-INFO -com.cg.mobilesystem.util.DbUtil:Connection Establsihed ...
2017-09-23-main-INFO -com.cg.mobilesystem.util.DbUtil:Connection Establsihed ...
2017-09-23-main-INFO -com.cg.mobilesystem.util.DbUtil:Connection Establsihed ...
2017-09-23-main-INFO -com.cg.mobilesystem.util.DbUtil:Connection Establsihed ...
2017-09-23-main-INFO -com.cg.mobilesystem.util.DbUtil:Connection Establsihed ...
2017-09-23-main-INFO -com.cg.mobilesystem.util.DbUtil:Connection Establsihed ...
2017-09-23-main-INFO -com.cg.mobilesystem.util.DbUtil:Connection Establsihed ...
2017-09-23-main-INFO -com.cg.mobilesystem.util.DbUtil:Connection Establsihed ...
2017-09-23-main-INFO -com.cg.mobilesystem.util.DbUtil:Connection Establsihed ...
2017-09-23-main-INFO -com.cg.mobilesystem.util.DbUtil:Connection Establsihed ...
2017-09-23-main-INFO -com.cg.mobilesystem.util.DbUtil:Connection Establsihed ...
2017-09-23-main-INFO -com.cg.mobilesystem.util.DbUtil:Connection Establsihed ...
2017-09-23-main-INFO -com.cg.mobilesystem.util.DbUtil:Connection Establsihed ...
2017-09-23-main-INFO -com.cg.mobilesystem.util.DbUtil:Connection Establsihed ...
2017-09-23-main-INFO -com.cg.mobilesystem.util.DbUtil:Connection Establsihed ...
2017-09-23-main-INFO -com.cg.mobilesystem.util.DbUtil:Connection Establsihed ...
2017-09-23-main-INFO -com.cg.mobilesystem.util.DbUtil:Connection Establsihed ...
2017-09-23-main-INFO -com.cg.mobilesystem.util.DbUtil:Connection Establsihed ...
2017-09-23-main-INFO -com.cg.mobilesystem.util.DbUtil:Connection Establsihed ...
2017-09-23-main-INFO -com.cg.mobilesystem.util.DbUtil:Connection Establsihed ...
2017-09-23-main-INFO -com.cg.mobilesystem.util.DbUtil:Connection Establsihed ...
2017-09-23-main-INFO -com.cg.mobilesystem.util.DbUtil:Connection Establsihed ...
2017-09-23-main-INFO -com.cg.mobilesystem.util.DbUtil:Connection Establsihed ...
2017-09-23-main-INFO -com.cg.mobilesystem.util.DbUtil:Connection Establsihed ...
2017-09-23-main-INFO -com.cg.mobilesystem.util.DbUtil:Connection Establsihed ...
2017-09-23-main-INFO -com.cg.mobilesystem.util.DbUtil:Connection Establsihed ...
2017-09-23-main-INFO -com.cg.mobilesystem.util.DbUtil:Connection Establsihed ...
2017-09-23-main-INFO -com.cg.mobilesystem.util.DbUtil:Connection Establsihed ...
2017-09-23-main-INFO -com.cg.mobilesystem.util.DbUtil:Connection Establsihed ...
2017-09-23-main-INFO -com.cg.mobilesystem.util.DbUtil:Connection Establsihed ...
2017-09-23-main-INFO -com.cg.mobilesystem.util.DbUtil:Connection Establsihed ...
2017-09-23-main-INFO -com.cg.mobilesystem.util.DbUtil:Connection Establsihed ...
2017-09-23-main-INFO -com.cg.mobilesystem.util.DbUtil:Connection Establsihed ...
2017-09-25-main-INFO -com.cg.mobilesystem.util.DbUtil:Connection Establsihed ...
2017-09-25-main-INFO -com.cg.mobilesystem.util.DbUtil:Connection Establsihed ...
2017-09-25-main-INFO -com.cg.mobilesystem.util.DbUtil:Connection Establsihed ...
2017-09-25-main-INFO -com.cg.mobilesystem.util.DbUtil:Connection Establsihed ...
2017-09-25-main-INFO -com.cg.mobilesystem.util.DbUtil:Connection Establsihed ...
2017-09-25-main-INFO -com.cg.mobilesystem.util.DbUtil:Connection Establsihed ...
2017-09-25-main-INFO -com.cg.mobilesystem.util.DbUtil:Connection Establsihed ...
2017-09-25-main-INFO -com.cg.mobilesystem.util.DbUtil:Connection Establsihed ...
2017-09-25-main-INFO -com.cg.mobilesystem.util.DbUtil:Connection Establsihed ...
2017-09-25-main-INFO -com.cg.mobilesystem.util.DbUtil:Connection Establsihed ...
2017-09-25-main-INFO -com.cg.mobilesystem.util.DbUtil:Connection Establsihed ...
2017-09-25-main-INFO -com.cg.mobilesystem.util.DbUtil:Connection Establsihed ...
2017-09-25-main-INFO -com.cg.mobilesystem.util.DbUtil:Connection Establsihed ...
2017-09-25-main-INFO -com.cg.mobilesystem.util.DbUtil:Connection Establsihed ...
2017-09-25-main-INFO -com.cg.mobilesystem.util.DbUtil:Connection Establsihed ...
2017-09-25-main-INFO -com.cg.mobilesystem.util.DbUtil:Connection Establsihed ...
2017-09-25-main-INFO -com.cg.mobilesystem.util.DbUtil:Connection Establsihed ...
2017-09-25-main-INFO -com.cg.mobilesystem.util.DbUtil:Connection Establsihed ...
2017-09-25-main-INFO -com.cg.mobilesystem.util.DbUtil:Connection Establsihed ...
2017-09-25-main-INFO -com.cg.mobilesystem.util.DbUtil:Connection Establsihed ...
2017-09-25-main-INFO -com.cg.mobilesystem.util.DbUtil:Connection Establsihed ...
2017-09-25-main-INFO -com.cg.mobilesystem.util.DbUtil:Connection Establsihed ...
2017-09-25-main-INFO -com.cg.mobilesystem.util.DbUtil:Connection Establsihed ...
2017-09-25-main-INFO -com.cg.mobilesystem.util.DbUtil:Connection Establsihed ...
2017-09-25-main-INFO -com.cg.mobilesystem.util.DbUtil:Connection Establsihed ...
2017-09-25-main-INFO -com.cg.mobilesystem.util.DbUtil:Connection Establsihed ...
2017-09-25-main-INFO -com.cg.mobilesystem.util.DbUtil:Connection Establsihed ...
2017-09-25-main-INFO -com.cg.mobilesystem.util.DbUtil:Connection Establsihed ...
2017-09-25-main-INFO -com.cg.mobilesystem.util.DbUtil:Connection Establsihed ...
2017-09-25-main-INFO -com.cg.mobilesystem.util.DbUtil:Connection Establsihed ...
2017-09-25-main-INFO -com.cg.mobilesystem.util.DbUtil:Connection Establsihed ...
2017-09-25-main-INFO -com.cg.mobilesystem.util.DbUtil:Connection Establsihed ...
2017-09-25-main-INFO -com.cg.mobilesystem.util.DbUtil:Connection Establsihed ...
2017-09-25-main-INFO -com.cg.mobilesystem.util.DbUtil:Connection Establsihed ...
2017-09-25-main-INFO -com.cg.mobilesystem.util.DbUtil:Connection Establsihed ...
2017-09-25-main-INFO -com.cg.mobilesystem.util.DbUtil:Connection Establsihed ...
2017-09-25-main-INFO -com.cg.mobilesystem.util.DbUtil:Connection Establsihed ...
2017-09-25-main-INFO -com.cg.mobilesystem.util.DbUtil:Connection Establsihed ...
2017-09-25-main-INFO -com.cg.mobilesystem.util.DbUtil:Connection Establsihed ...
2017-09-25-main-INFO -com.cg.mobilesystem.util.DbUtil:Connection Establsihed ...
2017-09-25-main-INFO -com.cg.mobilesystem.util.DbUtil:Connection Establsihed ...
2017-09-25-main-INFO -com.cg.mobilesystem.util.DbUtil:Connection Establsihed ...
2017-09-25-main-INFO -com.cg.mobilesystem.util.DbUtil:Connection Establsihed ...
2017-09-25-main-INFO -com.cg.mobilesystem.util.DbUtil:Connection Establsihed ...
2017-09-25-main-INFO -com.cg.mobilesystem.util.DbUtil:Connection Establsihed ...
2017-09-25-main-INFO -com.cg.mobilesystem.util.DbUtil:Connection Establsihed ...
2017-09-25-main-INFO -com.cg.mobilesystem.util.DbUtil:Connection Establsihed ...
2017-09-25-main-INFO -com.cg.mobilesystem.util.DbUtil:Connection Establsihed ...
2017-09-25-main-INFO -com.cg.mobilesystem.util.DbUtil:Connection Establsihed ...
2017-09-25-main-ERROR-com.cg.mobilesystem.util.DbUtil:Closed ConnectionData not inserting...
2017-09-25-main-INFO -com.cg.mobilesystem.util.DbUtil:Connection Establsihed ...
2017-09-25-main-INFO -com.cg.mobilesystem.util.DbUtil:Connection Establsihed ...
2017-09-25-main-INFO -com.cg.mobilesystem.util.DbUtil:Connection Establsihed ...
2017-09-25-main-ERROR-com.cg.mobilesystem.util.DbUtil:Closed ConnectionData not inserting...
2017-09-25-main-INFO -com.cg.mobilesystem.util.DbUtil:Connection Establsihed ...
2017-09-25-main-INFO -com.cg.mobilesystem.util.DbUtil:Connection Establsihed ...
2017-09-25-main-INFO -com.cg.mobilesystem.util.DbUtil:Connection Establsihed ...
2017-09-25-main-ERROR-com.cg.mobilesystem.util.DbUtil:Closed ConnectionData not inserting...
2017-09-25-main-INFO -com.cg.mobilesystem.util.DbUtil:Connection Establsihed ...
2017-09-25-main-INFO -com.cg.mobilesystem.util.DbUtil:Connection Establsihed ...
2017-09-25-main-ERROR-com.cg.mobilesystem.util.DbUtil:Closed ConnectionData not inserting...
2017-09-25-main-INFO -com.cg.mobilesystem.util.DbUtil:Connection Establsihed ...
2017-09-25-main-INFO -com.cg.mobilesystem.util.DbUtil:Connection Establsihed ...
2017-09-25-main-INFO -com.cg.mobilesystem.util.DbUtil:Connection Establsihed ...
2017-09-25-main-INFO -com.cg.mobilesystem.util.DbUtil:Connection Establsihed ...
2017-09-25-main-ERROR-com.cg.mobilesystem.util.DbUtil:Closed ConnectionData not inserting...
2017-09-25-main-INFO -com.cg.mobilesystem.util.DbUtil:Connection Establsihed ...
2017-09-25-main-INFO -com.cg.mobilesystem.util.DbUtil:Connection Establsihed ...
2017-09-25-main-INFO -com.cg.mobilesystem.util.DbUtil:Connection Establsihed ...
2017-09-25-main-INFO -com.cg.mobilesystem.util.DbUtil:Purchase [purId=0, cusName=Gdh, eMail=p@g.com, phone=4587123690, purDate=2017-09-25, mobileId=1002] || Mobile [id=1002, name=Samsung Galaxy IV, price=38000, quantity=39]
2017-09-25-main-INFO -com.cg.mobilesystem.util.DbUtil:Connection Establsihed ...
2017-09-25-main-INFO -com.cg.mobilesystem.util.DbUtil:Connection Establsihed ...
2017-09-25-main-INFO -com.cg.mobilesystem.util.DbUtil:Connection Establsihed ...
2017-09-25-main-INFO -com.cg.mobilesystem.util.DbUtil:Purchase [purId=39, cusName=Ghsdhf, eMail=pa@hgf.com, phone=7458963210, purDate=2017-09-25, mobileId=1002] || Mobile [id=1002, name=Samsung Galaxy IV, price=38000, quantity=38]
2017-09-25-main-INFO -com.cg.mobilesystem.util.DbUtil:Connection Establsihed ...
2017-09-25-main-INFO -com.cg.mobilesystem.util.DbUtil:All mobile data is retrieved.
2017-09-25-main-INFO -com.cg.mobilesystem.util.DbUtil:Connection Establsihed ...
2017-09-25-main-INFO -com.cg.mobilesystem.util.DbUtil:Mobile deleted having mobile Id :1006
2017-09-25-main-INFO -com.cg.mobilesystem.util.DbUtil:Connection Establsihed ...
2017-09-25-main-INFO -com.cg.mobilesystem.util.DbUtil:Data is retrieved with search having minimum = 15000 and maximum = 22000
2017-09-25-main-INFO -com.cg.mobilesystem.util.DbUtil:Connection Establsihed ...
2017-09-25-main-INFO -com.cg.mobilesystem.util.DbUtil:Connection with database closed
2017-09-25-main-INFO -com.cg.mobilesystem.util.DbUtil:Connection Establsihed ...
2017-09-25-main-INFO -com.cg.mobilesystem.util.DbUtil:Purchase [purId=40, cusName=Ajeet, eMail=pandey@r.com, phone=1234567890, purDate=2017-09-25, mobileId=1002] || Mobile [id=1002, name=Samsung Galaxy IV, price=38000, quantity=37]
2017-09-25-main-INFO -com.cg.mobilesystem.util.DbUtil:Connection with database closed
2017-09-25-main-INFO -com.cg.mobilesystem.util.DbUtil:Connection Establsihed ...
2017-09-25-main-INFO -com.cg.mobilesystem.util.DbUtil:Data is retrieved with search having minimum = 4000 and maximum = 12000
2017-09-25-main-INFO -com.cg.mobilesystem.util.DbUtil:Connection with database closed
2017-09-25-main-INFO -com.cg.mobilesystem.util.DbUtil:Connection Establsihed ...
2017-09-25-main-INFO -com.cg.mobilesystem.util.DbUtil:Data is retrieved with search having minimum = 4000 and maximum = 12000
2017-09-25-main-INFO -com.cg.mobilesystem.util.DbUtil:Connection with database closed
2017-09-25-main-INFO -com.cg.mobilesystem.util.DbUtil:Connection Establsihed ...
2017-09-25-main-INFO -com.cg.mobilesystem.util.DbUtil:Data is retrieved with search having minimum = 4000 and maximum = 12000
2017-09-25-main-INFO -com.cg.mobilesystem.util.DbUtil:Connection with database closed
2017-09-25-main-INFO -com.cg.mobilesystem.util.DbUtil:Connection Establsihed ...
2017-09-25-main-INFO -com.cg.mobilesystem.util.DbUtil:Data is retrieved with search having minimum = 4000 and maximum = 12000
2017-09-25-main-INFO -com.cg.mobilesystem.util.DbUtil:Connection with database closed
2017-09-25-main-INFO -com.cg.mobilesystem.util.DbUtil:Connection Establsihed ...
2017-09-25-main-INFO -com.cg.mobilesystem.util.DbUtil:Data is retrieved with search having minimum = 4000 and maximum = 12000
2017-09-25-main-INFO -com.cg.mobilesystem.util.DbUtil:Connection with database closed
2017-09-25-main-INFO -com.cg.mobilesystem.util.DbUtil:Connection Establsihed ...
2017-09-25-main-INFO -com.cg.mobilesystem.util.DbUtil:Data is retrieved with search having minimum = 4000 and maximum = 12000
2017-09-25-main-INFO -com.cg.mobilesystem.util.DbUtil:Connection with database closed
2017-09-25-main-INFO -com.cg.mobilesystem.util.DbUtil:Connection Establsihed ...
2017-09-25-main-INFO -com.cg.mobilesystem.util.DbUtil:Data is retrieved with search having minimum = 4000 and maximum = 12000
2017-09-25-main-INFO -com.cg.mobilesystem.util.DbUtil:Connection with database closed
2017-09-25-main-INFO -com.cg.mobilesystem.util.DbUtil:Connection Establsihed ...
2017-09-25-main-INFO -com.cg.mobilesystem.util.DbUtil:All mobile data is retrieved.
2017-09-25-main-INFO -com.cg.mobilesystem.util.DbUtil:Connection with database closed
2017-09-25-main-INFO -com.cg.mobilesystem.util.DbUtil:Connection Establsihed ...
2017-09-25-main-INFO -com.cg.mobilesystem.util.DbUtil:Mobile deleted having mobile Id :1005
2017-09-25-main-INFO -com.cg.mobilesystem.util.DbUtil:Connection with database closed
2017-09-25-main-INFO -com.cg.mobilesystem.util.DbUtil:Connection Establsihed ...
2017-09-25-main-INFO -com.cg.mobilesystem.util.DbUtil:All mobile data is retrieved.
2017-09-25-main-INFO -com.cg.mobilesystem.util.DbUtil:Connection with database closed
